<?xml version="1.0" encoding="UTF-8"?>
<!-- Generated by org.testng.reporters.JUnitReportReporter -->
<testsuite hostname="TrexaiiMae" failures="0" tests="1" name="Appiumoqt.Appium.LongPress" time="8.016" errors="0" timestamp="2024-07-24T09:36:04 CST" skipped="0">
  <testcase classname="Appiumoqt.Appium.LongPress" name="LongPress" time="8.016"/>
  <system-out/>
</testsuite> <!-- Appiumoqt.Appium.LongPress -->
