<?xml version="1.0" encoding="UTF-8"?>
<!-- Generated by org.testng.reporters.JUnitReportReporter -->
<testsuite hostname="TrexaiiMae" failures="0" tests="1" name="Appiumoqt.Appium.LongPress" time="12.535" errors="0" timestamp="2024-07-23T19:13:27 CST" skipped="0">
  <testcase classname="Appiumoqt.Appium.LongPress" name="LongPress" time="12.535"/>
  <system-out/>
</testsuite> <!-- Appiumoqt.Appium.LongPress -->
