<?xml version="1.0" encoding="UTF-8"?>
<!-- Generated by org.testng.reporters.JUnitReportReporter -->
<testsuite hostname="TrexaiiMae" failures="0" tests="1" name="Appiumoqt.Appium.Scroll" time="15.991" errors="0" timestamp="2024-07-24T10:06:30 CST" skipped="0">
  <testcase classname="Appiumoqt.Appium.Scroll" name="ScrollDemo" time="15.991"/>
  <system-out/>
</testsuite> <!-- Appiumoqt.Appium.Scroll -->
