<?xml version="1.0" encoding="UTF-8"?>
<!-- Generated by org.testng.reporters.JUnitReportReporter -->
<testsuite hostname="TrexaiiMae" failures="0" tests="1" name="Appiumoqt.Appium.SwipeAction" time="7.969" errors="0" timestamp="2024-07-24T10:47:39 CST" skipped="0">
  <testcase classname="Appiumoqt.Appium.SwipeAction" name="Swipe" time="7.969"/>
  <system-out/>
</testsuite> <!-- Appiumoqt.Appium.SwipeAction -->
