<?xml version="1.0" encoding="UTF-8"?>
<!-- Generated by org.testng.reporters.JUnitReportReporter -->
<testsuite hostname="TrexaiiMae" failures="0" tests="1" name="Appiumoqt.Appium.AppiumBasic" time="7.972" errors="0" timestamp="2024-07-23T11:04:58 SGT" skipped="0">
  <testcase classname="Appiumoqt.Appium.AppiumBasic" name="AppiumTest" time="7.972"/>
  <system-out/>
</testsuite> <!-- Appiumoqt.Appium.AppiumBasic -->
